<?xml version="1.0" encoding="UTF-8"?>
<!-- Generated by org.testng.reporters.JUnitReportReporter -->
<testsuite skipped="0" hostname="DESKTOP-68A2JV9" name="Programs.Cookies1" tests="1" failures="0" timestamp="2021-09-23T11:05:23 IST" time="10.405" errors="0">
  <testcase name="setup" time="10.405" classname="Programs.Cookies1"/>
</testsuite> <!-- Programs.Cookies1 -->
